# JRE version: OpenJDK Runtime Environment (8.0_242-b01) (build 1.8.0_242-release-1644-b01)
# Java VM: OpenJDK 64-Bit Server VM (25.242-b01 mixed mode windows-amd64 compressed oops)
Heap:
 PSYoungGen      total 251392K, used 150424K [0x00000000eab00000, 0x00000000fc200000, 0x0000000100000000)
  eden space 226304K, 56% used [0x00000000eab00000,0x00000000f2892260,0x00000000f8800000)
  from space 25088K, 87% used [0x00000000fa380000,0x00000000fb8d40c8,0x00000000fbc00000)
  to   space 28160K, 0% used [0x00000000f8800000,0x00000000f8800000,0x00000000fa380000)
 ParOldGen       total 76800K, used 37834K [0x00000000c0000000, 0x00000000c4b00000, 0x00000000eab00000)
  object space 76800K, 49% used [0x00000000c0000000,0x00000000c24f2968,0x00000000c4b00000)
 Metaspace       used 7423K, capacity 7736K, committed 7936K, reserved 1056768K
  class space    used 658K, capacity 688K, committed 768K, reserved 1048576K
GC Heap History (10 events):
Event: 2.868 GC heap before
{Heap before GC invocations=2 (full 0):
 PSYoungGen      total 33280K, used 33094K [0x00000000eab00000, 0x00000000eec00000, 0x0000000100000000)
  eden space 28672K, 100% used [0x00000000eab00000,0x00000000ec700000,0x00000000ec700000)
  from space 4608K, 95% used [0x00000000ec700000,0x00000000ecb51a38,0x00000000ecb80000)
  to   space 4608K, 0% used [0x00000000ee780000,0x00000000ee780000,0x00000000eec00000)
 ParOldGen       total 76800K, used 8K [0x00000000c0000000, 0x00000000c4b00000, 0x00000000eab00000)
  object space 76800K, 0% used [0x00000000c0000000,0x00000000c0002000,0x00000000c4b00000)
 Metaspace       used 6234K, capacity 7024K, committed 7296K, reserved 1056768K
  class space    used 587K, capacity 616K, committed 640K, reserved 1048576K
Event: 2.895 GC heap after
Heap after GC invocations=2 (full 0):
 PSYoungGen      total 61952K, used 4578K [0x00000000eab00000, 0x00000000eec00000, 0x0000000100000000)
  eden space 57344K, 0% used [0x00000000eab00000,0x00000000eab00000,0x00000000ee300000)
  from space 4608K, 99% used [0x00000000ee780000,0x00000000eebf8bd8,0x00000000eec00000)
  to   space 4608K, 0% used [0x00000000ee300000,0x00000000ee300000,0x00000000ee780000)
 ParOldGen       total 76800K, used 2704K [0x00000000c0000000, 0x00000000c4b00000, 0x00000000eab00000)
  object space 76800K, 3% used [0x00000000c0000000,0x00000000c02a4048,0x00000000c4b00000)
 Metaspace       used 6234K, capacity 7024K, committed 7296K, reserved 1056768K
  class space    used 587K, capacity 616K, committed 640K, reserved 1048576K
}
Event: 4.125 GC heap before
{Heap before GC invocations=3 (full 0):
 PSYoungGen      total 61952K, used 61922K [0x00000000eab00000, 0x00000000eec00000, 0x0000000100000000)
  eden space 57344K, 100% used [0x00000000eab00000,0x00000000ee300000,0x00000000ee300000)
  from space 4608K, 99% used [0x00000000ee780000,0x00000000eebf8bd8,0x00000000eec00000)
  to   space 4608K, 0% used [0x00000000ee300000,0x00000000ee300000,0x00000000ee780000)
 ParOldGen       total 76800K, used 2704K [0x00000000c0000000, 0x00000000c4b00000, 0x00000000eab00000)
  object space 76800K, 3% used [0x00000000c0000000,0x00000000c02a4048,0x00000000c4b00000)
 Metaspace       used 6339K, capacity 7088K, committed 7296K, reserved 1056768K
  class space    used 588K, capacity 616K, committed 640K, reserved 1048576K
Event: 4.153 GC heap after
Heap after GC invocations=3 (full 0):
 PSYoungGen      total 61952K, used 4588K [0x00000000eab00000, 0x00000000f2400000, 0x0000000100000000)
  eden space 57344K, 0% used [0x00000000eab00000,0x00000000eab00000,0x00000000ee300000)
  from space 4608K, 99% used [0x00000000ee300000,0x00000000ee77b158,0x00000000ee780000)
  to   space 4608K, 0% used [0x00000000f1f80000,0x00000000f1f80000,0x00000000f2400000)
 ParOldGen       total 76800K, used 10549K [0x00000000c0000000, 0x00000000c4b00000, 0x00000000eab00000)
  object space 76800K, 13% used [0x00000000c0000000,0x00000000c0a4d408,0x00000000c4b00000)
 Metaspace       used 6339K, capacity 7088K, committed 7296K, reserved 1056768K
  class space    used 588K, capacity 616K, committed 640K, reserved 1048576K
}
Event: 5.299 GC heap before
{Heap before GC invocations=4 (full 0):
 PSYoungGen      total 61952K, used 61932K [0x00000000eab00000, 0x00000000f2400000, 0x0000000100000000)
  eden space 57344K, 100% used [0x00000000eab00000,0x00000000ee300000,0x00000000ee300000)
  from space 4608K, 99% used [0x00000000ee300000,0x00000000ee77b158,0x00000000ee780000)
  to   space 4608K, 0% used [0x00000000f1f80000,0x00000000f1f80000,0x00000000f2400000)
 ParOldGen       total 76800K, used 10549K [0x00000000c0000000, 0x00000000c4b00000, 0x00000000eab00000)
  object space 76800K, 13% used [0x00000000c0000000,0x00000000c0a4d408,0x00000000c4b00000)
 Metaspace       used 6390K, capacity 7152K, committed 7296K, reserved 1056768K
  class space    used 588K, capacity 616K, committed 640K, reserved 1048576K
Event: 5.347 GC heap after
Heap after GC invocations=4 (full 0):
 PSYoungGen      total 119296K, used 4590K [0x00000000eab00000, 0x00000000f2400000, 0x0000000100000000)
  eden space 114688K, 0% used [0x00000000eab00000,0x00000000eab00000,0x00000000f1b00000)
  from space 4608K, 99% used [0x00000000f1f80000,0x00000000f23fb8d8,0x00000000f2400000)
  to   space 4608K, 0% used [0x00000000f1b00000,0x00000000f1b00000,0x00000000f1f80000)
 ParOldGen       total 76800K, used 18844K [0x00000000c0000000, 0x00000000c4b00000, 0x00000000eab00000)
  object space 76800K, 24% used [0x00000000c0000000,0x00000000c1267238,0x00000000c4b00000)
 Metaspace       used 6390K, capacity 7152K, committed 7296K, reserved 1056768K
  class space    used 588K, capacity 616K, committed 640K, reserved 1048576K
}
Event: 11.575 GC heap before
{Heap before GC invocations=5 (full 0):
 PSYoungGen      total 119296K, used 119278K [0x00000000eab00000, 0x00000000f2400000, 0x0000000100000000)
  eden space 114688K, 100% used [0x00000000eab00000,0x00000000f1b00000,0x00000000f1b00000)
  from space 4608K, 99% used [0x00000000f1f80000,0x00000000f23fb8d8,0x00000000f2400000)
  to   space 4608K, 0% used [0x00000000f1b00000,0x00000000f1b00000,0x00000000f1f80000)
 ParOldGen       total 76800K, used 18844K [0x00000000c0000000, 0x00000000c4b00000, 0x00000000eab00000)
  object space 76800K, 24% used [0x00000000c0000000,0x00000000c1267238,0x00000000c4b00000)
 Metaspace       used 6507K, capacity 7216K, committed 7296K, reserved 1056768K
  class space    used 589K, capacity 616K, committed 640K, reserved 1048576K
Event: 12.038 GC heap after
Heap after GC invocations=5 (full 0):
 PSYoungGen      total 119296K, used 4607K [0x00000000eab00000, 0x00000000fbc00000, 0x0000000100000000)
  eden space 114688K, 0% used [0x00000000eab00000,0x00000000eab00000,0x00000000f1b00000)
  from space 4608K, 99% used [0x00000000f1b00000,0x00000000f1f7fc60,0x00000000f1f80000)
  to   space 25088K, 0% used [0x00000000fa380000,0x00000000fa380000,0x00000000fbc00000)
 ParOldGen       total 76800K, used 37826K [0x00000000c0000000, 0x00000000c4b00000, 0x00000000eab00000)
  object space 76800K, 49% used [0x00000000c0000000,0x00000000c24f0968,0x00000000c4b00000)
 Metaspace       used 6507K, capacity 7216K, committed 7296K, reserved 1056768K
  class space    used 589K, capacity 616K, committed 640K, reserved 1048576K
}
Event: 18.675 GC heap before
{Heap before GC invocations=6 (full 0):
 PSYoungGen      total 119296K, used 119295K [0x00000000eab00000, 0x00000000fbc00000, 0x0000000100000000)
  eden space 114688K, 100% used [0x00000000eab00000,0x00000000f1b00000,0x00000000f1b00000)
  from space 4608K, 99% used [0x00000000f1b00000,0x00000000f1f7fc60,0x00000000f1f80000)
  to   space 25088K, 0% used [0x00000000fa380000,0x00000000fa380000,0x00000000fbc00000)
 ParOldGen       total 76800K, used 37826K [0x00000000c0000000, 0x00000000c4b00000, 0x00000000eab00000)
  object space 76800K, 49% used [0x00000000c0000000,0x00000000c24f0968,0x00000000c4b00000)
 Metaspace       used 6636K, capacity 7256K, committed 7424K, reserved 1056768K
  class space    used 609K, capacity 656K, committed 768K, reserved 1048576K
Event: 19.023 GC heap after
Heap after GC invocations=6 (full 0):
 PSYoungGen      total 251392K, used 21840K [0x00000000eab00000, 0x00000000fc200000, 0x0000000100000000)
  eden space 226304K, 0% used [0x00000000eab00000,0x00000000eab00000,0x00000000f8800000)
  from space 25088K, 87% used [0x00000000fa380000,0x00000000fb8d40c8,0x00000000fbc00000)
  to   space 28160K, 0% used [0x00000000f8800000,0x00000000f8800000,0x00000000fa380000)
 ParOldGen       total 76800K, used 37834K [0x00000000c0000000, 0x00000000c4b00000, 0x00000000eab00000)
  object space 76800K, 49% used [0x00000000c0000000,0x00000000c24f2968,0x00000000c4b00000)
 Metaspace       used 6636K, capacity 7256K, committed 7424K, reserved 1056768K
  class space    used 609K, capacity 656K, committed 768K, reserved 1048576K
}

