# JRE version: OpenJDK Runtime Environment (8.0_242-b01) (build 1.8.0_242-release-1644-b01)
# Java VM: OpenJDK 64-Bit Server VM (25.242-b01 mixed mode windows-amd64 compressed oops)
Heap:
 PSYoungGen      total 244224K, used 69468K [0x00000000eab00000, 0x00000000fca00000, 0x0000000100000000)
  eden space 217600K, 19% used [0x00000000eab00000,0x00000000ed4d9428,0x00000000f7f80000)
  from space 26624K, 99% used [0x00000000fa100000,0x00000000fbafde30,0x00000000fbb00000)
  to   space 34304K, 0% used [0x00000000f7f80000,0x00000000f7f80000,0x00000000fa100000)
 ParOldGen       total 76800K, used 41501K [0x00000000c0000000, 0x00000000c4b00000, 0x00000000eab00000)
  object space 76800K, 54% used [0x00000000c0000000,0x00000000c2887758,0x00000000c4b00000)
 Metaspace       used 6686K, capacity 7256K, committed 7424K, reserved 1056768K
  class space    used 612K, capacity 656K, committed 768K, reserved 1048576K
GC Heap History (10 events):
Event: 6.587 GC heap before
{Heap before GC invocations=4 (full 0):
 PSYoungGen      total 33280K, used 33261K [0x00000000eab00000, 0x00000000eec00000, 0x0000000100000000)
  eden space 28672K, 100% used [0x00000000eab00000,0x00000000ec700000,0x00000000ec700000)
  from space 4608K, 99% used [0x00000000ec700000,0x00000000ecb7b608,0x00000000ecb80000)
  to   space 4608K, 0% used [0x00000000ee780000,0x00000000ee780000,0x00000000eec00000)
 ParOldGen       total 76800K, used 6789K [0x00000000c0000000, 0x00000000c4b00000, 0x00000000eab00000)
  object space 76800K, 8% used [0x00000000c0000000,0x00000000c06a1430,0x00000000c4b00000)
 Metaspace       used 6335K, capacity 7088K, committed 7296K, reserved 1056768K
  class space    used 587K, capacity 616K, committed 640K, reserved 1048576K
Event: 6.694 GC heap after
Heap after GC invocations=4 (full 0):
 PSYoungGen      total 61952K, used 4587K [0x00000000eab00000, 0x00000000eec00000, 0x0000000100000000)
  eden space 57344K, 0% used [0x00000000eab00000,0x00000000eab00000,0x00000000ee300000)
  from space 4608K, 99% used [0x00000000ee780000,0x00000000eebfaf48,0x00000000eec00000)
  to   space 4608K, 0% used [0x00000000ee300000,0x00000000ee300000,0x00000000ee780000)
 ParOldGen       total 76800K, used 11397K [0x00000000c0000000, 0x00000000c4b00000, 0x00000000eab00000)
  object space 76800K, 14% used [0x00000000c0000000,0x00000000c0b216b0,0x00000000c4b00000)
 Metaspace       used 6335K, capacity 7088K, committed 7296K, reserved 1056768K
  class space    used 587K, capacity 616K, committed 640K, reserved 1048576K
}
Event: 9.362 GC heap before
{Heap before GC invocations=5 (full 0):
 PSYoungGen      total 61952K, used 61931K [0x00000000eab00000, 0x00000000eec00000, 0x0000000100000000)
  eden space 57344K, 100% used [0x00000000eab00000,0x00000000ee300000,0x00000000ee300000)
  from space 4608K, 99% used [0x00000000ee780000,0x00000000eebfaf48,0x00000000eec00000)
  to   space 4608K, 0% used [0x00000000ee300000,0x00000000ee300000,0x00000000ee780000)
 ParOldGen       total 76800K, used 11397K [0x00000000c0000000, 0x00000000c4b00000, 0x00000000eab00000)
  object space 76800K, 14% used [0x00000000c0000000,0x00000000c0b216b0,0x00000000c4b00000)
 Metaspace       used 6403K, capacity 7152K, committed 7296K, reserved 1056768K
  class space    used 587K, capacity 616K, committed 640K, reserved 1048576K
Event: 9.549 GC heap after
Heap after GC invocations=5 (full 0):
 PSYoungGen      total 61952K, used 4587K [0x00000000eab00000, 0x00000000f3800000, 0x0000000100000000)
  eden space 57344K, 0% used [0x00000000eab00000,0x00000000eab00000,0x00000000ee300000)
  from space 4608K, 99% used [0x00000000ee300000,0x00000000ee77af58,0x00000000ee780000)
  to   space 14848K, 0% used [0x00000000f2980000,0x00000000f2980000,0x00000000f3800000)
 ParOldGen       total 76800K, used 20408K [0x00000000c0000000, 0x00000000c4b00000, 0x00000000eab00000)
  object space 76800K, 26% used [0x00000000c0000000,0x00000000c13ee260,0x00000000c4b00000)
 Metaspace       used 6403K, capacity 7152K, committed 7296K, reserved 1056768K
  class space    used 587K, capacity 616K, committed 640K, reserved 1048576K
}
Event: 13.348 GC heap before
{Heap before GC invocations=6 (full 0):
 PSYoungGen      total 61952K, used 61931K [0x00000000eab00000, 0x00000000f3800000, 0x0000000100000000)
  eden space 57344K, 100% used [0x00000000eab00000,0x00000000ee300000,0x00000000ee300000)
  from space 4608K, 99% used [0x00000000ee300000,0x00000000ee77af58,0x00000000ee780000)
  to   space 14848K, 0% used [0x00000000f2980000,0x00000000f2980000,0x00000000f3800000)
 ParOldGen       total 76800K, used 20408K [0x00000000c0000000, 0x00000000c4b00000, 0x00000000eab00000)
  object space 76800K, 26% used [0x00000000c0000000,0x00000000c13ee260,0x00000000c4b00000)
 Metaspace       used 6481K, capacity 7216K, committed 7296K, reserved 1056768K
  class space    used 588K, capacity 616K, committed 640K, reserved 1048576K
Event: 14.094 GC heap after
Heap after GC invocations=6 (full 0):
 PSYoungGen      total 127488K, used 14187K [0x00000000eab00000, 0x00000000f3c00000, 0x0000000100000000)
  eden space 112640K, 0% used [0x00000000eab00000,0x00000000eab00000,0x00000000f1900000)
  from space 14848K, 95% used [0x00000000f2980000,0x00000000f375ae70,0x00000000f3800000)
  to   space 16896K, 0% used [0x00000000f1900000,0x00000000f1900000,0x00000000f2980000)
 ParOldGen       total 76800K, used 20408K [0x00000000c0000000, 0x00000000c4b00000, 0x00000000eab00000)
  object space 76800K, 26% used [0x00000000c0000000,0x00000000c13ee260,0x00000000c4b00000)
 Metaspace       used 6481K, capacity 7216K, committed 7296K, reserved 1056768K
  class space    used 588K, capacity 616K, committed 640K, reserved 1048576K
}
Event: 22.430 GC heap before
{Heap before GC invocations=7 (full 0):
 PSYoungGen      total 127488K, used 126827K [0x00000000eab00000, 0x00000000f3c00000, 0x0000000100000000)
  eden space 112640K, 100% used [0x00000000eab00000,0x00000000f1900000,0x00000000f1900000)
  from space 14848K, 95% used [0x00000000f2980000,0x00000000f375ae70,0x00000000f3800000)
  to   space 16896K, 0% used [0x00000000f1900000,0x00000000f1900000,0x00000000f2980000)
 ParOldGen       total 76800K, used 20408K [0x00000000c0000000, 0x00000000c4b00000, 0x00000000eab00000)
  object space 76800K, 26% used [0x00000000c0000000,0x00000000c13ee260,0x00000000c4b00000)
 Metaspace       used 6627K, capacity 7256K, committed 7424K, reserved 1056768K
  class space    used 607K, capacity 656K, committed 768K, reserved 1048576K
Event: 22.950 GC heap after
Heap after GC invocations=7 (full 0):
 PSYoungGen      total 129536K, used 16883K [0x00000000eab00000, 0x00000000fbb00000, 0x0000000100000000)
  eden space 112640K, 0% used [0x00000000eab00000,0x00000000eab00000,0x00000000f1900000)
  from space 16896K, 99% used [0x00000000f1900000,0x00000000f297ccb0,0x00000000f2980000)
  to   space 26624K, 0% used [0x00000000fa100000,0x00000000fa100000,0x00000000fbb00000)
 ParOldGen       total 76800K, used 34530K [0x00000000c0000000, 0x00000000c4b00000, 0x00000000eab00000)
  object space 76800K, 44% used [0x00000000c0000000,0x00000000c21b89b8,0x00000000c4b00000)
 Metaspace       used 6627K, capacity 7256K, committed 7424K, reserved 1056768K
  class space    used 607K, capacity 656K, committed 768K, reserved 1048576K
}
Event: 26.270 GC heap before
{Heap before GC invocations=8 (full 0):
 PSYoungGen      total 129536K, used 129523K [0x00000000eab00000, 0x00000000fbb00000, 0x0000000100000000)
  eden space 112640K, 100% used [0x00000000eab00000,0x00000000f1900000,0x00000000f1900000)
  from space 16896K, 99% used [0x00000000f1900000,0x00000000f297ccb0,0x00000000f2980000)
  to   space 26624K, 0% used [0x00000000fa100000,0x00000000fa100000,0x00000000fbb00000)
 ParOldGen       total 76800K, used 34530K [0x00000000c0000000, 0x00000000c4b00000, 0x00000000eab00000)
  object space 76800K, 44% used [0x00000000c0000000,0x00000000c21b89b8,0x00000000c4b00000)
 Metaspace       used 6638K, capacity 7256K, committed 7424K, reserved 1056768K
  class space    used 607K, capacity 656K, committed 768K, reserved 1048576K
Event: 26.611 GC heap after
Heap after GC invocations=8 (full 0):
 PSYoungGen      total 244224K, used 26615K [0x00000000eab00000, 0x00000000fca00000, 0x0000000100000000)
  eden space 217600K, 0% used [0x00000000eab00000,0x00000000eab00000,0x00000000f7f80000)
  from space 26624K, 99% used [0x00000000fa100000,0x00000000fbafde30,0x00000000fbb00000)
  to   space 34304K, 0% used [0x00000000f7f80000,0x00000000f7f80000,0x00000000fa100000)
 ParOldGen       total 76800K, used 41501K [0x00000000c0000000, 0x00000000c4b00000, 0x00000000eab00000)
  object space 76800K, 54% used [0x00000000c0000000,0x00000000c2887758,0x00000000c4b00000)
 Metaspace       used 6638K, capacity 7256K, committed 7424K, reserved 1056768K
  class space    used 607K, capacity 656K, committed 768K, reserved 1048576K
}

